Image captured
Connected to the ftp server
Failed upload: /home/dev/www/employee/JaeHo-PC_1504300241.jpg
Image captured: C:\Users\jaeho\AppData\Local\Temp\Jae6DB7.tmp
Connected to the ftp server
Failed upload: /home/dev/www/employee/JaeHo-PC_1504300244.jpg
Image captured: C:\Users\jaeho\AppData\Local\Temp\Jae1767.tmp
Connected to the ftp server
Failed upload: /home/dev/www/employee/JaeHo-PC_1504300251.jpg
Image captured: C:\Users\jaeho\AppData\Local\Temp\defD2A9.tmp
Connected to the ftp server
Success upload: def.jpg
Image captured: C:\Users\jaeho\AppData\Local\Temp\Jae5D0D.tmp
Connected to the ftp server
Couldn't change directory
Success upload: JaeHo-PC_1504300254.jpg
Image captured: C:\Users\jaeho\AppData\Local\Temp\Jae3DE7.tmp
Connected to the ftp server
Current directory is now: /www/employee
Success upload: JaeHo-PC_1504300255.jpg
Image captured: C:\Users\jaeho\AppData\Local\Temp\JaeA27F.tmp
Connected to the ftp server
Current directory is now: /www/employee
Success upload: JaeHo-PC_201504301459.jpg
Image captured: C:\Users\jaeho\AppData\Local\Temp\Jae2AB2.tmp
Connected to the ftp server
Current directory is now: /www/employee
Success upload: JaeHo-PC_201504301505.jpg
Image captured: C:\Users\Administrator\AppData\Local\Temp\emaAD80.tmp
Connected to the ftp server
Current directory is now: /www/employee
Success upload: emachines-PC_201504301534.jpg
Image captured: C:\Users\Administrator\AppData\Local\Temp\ema7033.tmp
Connected to the ftp server
Current directory is now: /www/employee
Success upload: emachines-PC_201504301548.jpg
Image captured: C:\Users\Administrator\AppData\Local\Temp\ema1BEC.tmp
Connected to the ftp server
Current directory is now: /www/employee
Success upload: emachines-PC_201504301554.jpg
Image captured: C:\Users\Administrator\AppData\Local\Temp\ema2A4E.tmp
Connected to the ftp server
Current directory is now: /www/employee
Success upload: emachines-PC_201504301554.jpg
Image captured: C:\Users\Administrator\AppData\Local\Temp\ema36CC.tmp
Connected to the ftp server
Current directory is now: /www/employee
Success upload: emachines-PC_201504301557.jpg
Image captured: C:\Users\Administrator\AppData\Local\Temp\ema5E58.tmp
Connected to the ftp server
Current directory is now: /www/employee
Success upload: emachines-PC_201504301602.jpg
Image captured: C:\Users\Administrator\AppData\Local\Temp\emaB686.tmp
Connected to the ftp server
Current directory is now: /www/employee
Success upload: emachines-PC_201504301606.jpg
Image captured: C:\Users\Administrator\AppData\Local\Temp\ema73FA.tmp
Connected to the ftp server
Current directory is now: /www/employee
Success upload: emachines-PC_201504301606.jpg
Image captured: C:\Users\Administrator\AppData\Local\Temp\ema5E78.tmp
Connected to the ftp server
Current directory is now: /www/employee
Success upload: emachines-PC_201504301607.jpg
Image captured: C:\Users\Administrator\AppData\Local\Temp\ema48B6.tmp
Connected to the ftp server
Current directory is now: /www/employee
Success upload: emachines-PC_201504301608.jpg
Image captured: C:\Users\Administrator\AppData\Local\Temp\ema3324.tmp
Connected to the ftp server
Current directory is now: /www/employee
Success upload: emachines-PC_201504301609.jpg
Image captured: C:\Users\Administrator\AppData\Local\Temp\ema1D44.tmp
Connected to the ftp server
Current directory is now: /www/employee
Success upload: emachines-PC_201504301610.jpg
Image captured: C:\Users\Administrator\AppData\Local\Temp\ema84D.tmp
Connected to the ftp server
Current directory is now: /www/employee
Success upload: emachines-PC_201504301611.jpg
Image captured: C:\Users\Administrator\AppData\Local\Temp\emaF200.tmp
Connected to the ftp server
Current directory is now: /www/employee
Success upload: emachines-PC_201504301612.jpg
Image captured: C:\Users\Administrator\AppData\Local\Temp\emaDC7D.tmp
Connected to the ftp server
Current directory is now: /www/employee
Success upload: emachines-PC_201504301613.jpg
Image captured: C:\Users\Administrator\AppData\Local\Temp\emaC68D.tmp
Connected to the ftp server
Current directory is now: /www/employee
Success upload: emachines-PC_201504301614.jpg
Image captured: C:\Users\Administrator\AppData\Local\Temp\emaB129.tmp
Connected to the ftp server
Current directory is now: /www/employee
Success upload: emachines-PC_201504301615.jpg
Image captured: C:\Users\Administrator\AppData\Local\Temp\ema9B77.tmp
Connected to the ftp server
Current directory is now: /www/employee
Success upload: emachines-PC_201504301616.jpg
Image captured: C:\Users\Administrator\AppData\Local\Temp\ema8604.tmp
Connected to the ftp server
Current directory is now: /www/employee
Success upload: emachines-PC_201504301617.jpg
Image captured: C:\Users\Administrator\AppData\Local\Temp\ema7014.tmp
Connected to the ftp server
Current directory is now: /www/employee
Success upload: emachines-PC_201504301618.jpg
Image captured: C:\Users\Administrator\AppData\Local\Temp\ema5AA1.tmp
Connected to the ftp server
Current directory is now: /www/employee
Success upload: emachines-PC_201504301619.jpg
Image captured: C:\Users\Administrator\AppData\Local\Temp\ema44EF.tmp
Connected to the ftp server
Current directory is now: /www/employee
Success upload: emachines-PC_201504301620.jpg
Image captured: C:\Users\Administrator\AppData\Local\Temp\ema2F4D.tmp
Connected to the ftp server
Current directory is now: /www/employee
Success upload: emachines-PC_201504301621.jpg
Image captured: C:\Users\Administrator\AppData\Local\Temp\ema19BB.tmp
Connected to the ftp server
Current directory is now: /www/employee
Success upload: emachines-PC_201504301622.jpg
Image captured: C:\Users\Administrator\AppData\Local\Temp\ema409.tmp
Connected to the ftp server
Current directory is now: /www/employee
Success upload: emachines-PC_201504301623.jpg
Image captured: C:\Users\Administrator\AppData\Local\Temp\emaEEB5.tmp
Connected to the ftp server
Current directory is now: /www/employee
Success upload: emachines-PC_201504301624.jpg
Image captured: C:\Users\Administrator\AppData\Local\Temp\emaD8C5.tmp
Connected to the ftp server
Current directory is now: /www/employee
Success upload: emachines-PC_201504301625.jpg
Image captured: C:\Users\Administrator\AppData\Local\Temp\emaC371.tmp
Connected to the ftp server
Current directory is now: /www/employee
Success upload: emachines-PC_201504301626.jpg
Image captured: C:\Users\Administrator\AppData\Local\Temp\emaAD91.tmp
Connected to the ftp server
Current directory is now: /www/employee
Success upload: emachines-PC_201504301627.jpg
Image captured: C:\Users\Administrator\AppData\Local\Temp\ema982D.tmp
Connected to the ftp server
Current directory is now: /www/employee
Success upload: emachines-PC_201504301628.jpg
Image captured: C:\Users\Administrator\AppData\Local\Temp\ema824D.tmp
Connected to the ftp server
Current directory is now: /www/employee
Success upload: emachines-PC_201504301629.jpg
Image captured: C:\Users\Administrator\AppData\Local\Temp\ema6C8C.tmp
Connected to the ftp server
Current directory is now: /www/employee
Success upload: emachines-PC_201504301630.jpg
Image captured: C:\Users\Administrator\AppData\Local\Temp\ema56F9.tmp
Connected to the ftp server
Current directory is now: /www/employee
Success upload: emachines-PC_201504301631.jpg
Image captured: C:\Users\Administrator\AppData\Local\Temp\ema4196.tmp
Connected to the ftp server
Current directory is now: /www/employee
Success upload: emachines-PC_201504301632.jpg
Image captured: C:\Users\Administrator\AppData\Local\Temp\ema2BD4.tmp
Connected to the ftp server
Current directory is now: /www/employee
Success upload: emachines-PC_201504301633.jpg
Image captured: C:\Users\Administrator\AppData\Local\Temp\ema1613.tmp
Connected to the ftp server
Current directory is now: /www/employee
Success upload: emachines-PC_201504301634.jpg
Image captured: C:\Users\Administrator\AppData\Local\Temp\emaBF.tmp
Connected to the ftp server
Current directory is now: /www/employee
Success upload: emachines-PC_201504301635.jpg
Image captured: C:\Users\Administrator\AppData\Local\Temp\emaEAEE.tmp
Connected to the ftp server
Current directory is now: /www/employee
Success upload: emachines-PC_201504301636.jpg
Image captured: C:\Users\Administrator\AppData\Local\Temp\emaD54C.tmp
Connected to the ftp server
Current directory is now: /www/employee
Success upload: emachines-PC_201504301637.jpg
Image captured: C:\Users\Administrator\AppData\Local\Temp\emaBFBA.tmp
Connected to the ftp server
Current directory is now: /www/employee
Success upload: emachines-PC_201504301638.jpg
Image captured: C:\Users\Administrator\AppData\Local\Temp\emaAA28.tmp
Connected to the ftp server
Current directory is now: /www/employee
Success upload: emachines-PC_201504301639.jpg
Image captured: C:\Users\Administrator\AppData\Local\Temp\ema9447.tmp
Connected to the ftp server
Current directory is now: /www/employee
Success upload: emachines-PC_201504301640.jpg
Image captured: C:\Users\Administrator\AppData\Local\Temp\ema7E95.tmp
Connected to the ftp server
Current directory is now: /www/employee
Success upload: emachines-PC_201504301641.jpg
Image captured: C:\Users\Administrator\AppData\Local\Temp\ema6903.tmp
Connected to the ftp server
Current directory is now: /www/employee
Success upload: emachines-PC_201504301642.jpg
Image captured: C:\Users\Administrator\AppData\Local\Temp\ema53AF.tmp
Connected to the ftp server
Current directory is now: /www/employee
Success upload: emachines-PC_201504301643.jpg
Image captured: C:\Users\Administrator\AppData\Local\Temp\ema3E1D.tmp
Connected to the ftp server
Current directory is now: /www/employee
Success upload: emachines-PC_201504301644.jpg
Image captured: C:\Users\Administrator\AppData\Local\Temp\ema285B.tmp
Connected to the ftp server
Current directory is now: /www/employee
Success upload: emachines-PC_201504301645.jpg
Image captured: C:\Users\Administrator\AppData\Local\Temp\ema12AA.tmp
Connected to the ftp server
Current directory is now: /www/employee
Success upload: emachines-PC_201504301646.jpg
Image captured: C:\Users\Administrator\AppData\Local\Temp\emaFD17.tmp
Connected to the ftp server
Current directory is now: /www/employee
Success upload: emachines-PC_201504301647.jpg
Image captured: C:\Users\Administrator\AppData\Local\Temp\emaE795.tmp
Connected to the ftp server
Current directory is now: /www/employee
Success upload: emachines-PC_201504301648.jpg
Image captured: C:\Users\Administrator\AppData\Local\Temp\emaD195.tmp
Connected to the ftp server
Current directory is now: /www/employee
Success upload: emachines-PC_201504301649.jpg
Image captured: C:\Users\Administrator\AppData\Local\Temp\emaBC31.tmp
Connected to the ftp server
Current directory is now: /www/employee
Success upload: emachines-PC_201504301650.jpg
Image captured: C:\Users\Administrator\AppData\Local\Temp\emaA680.tmp
Connected to the ftp server
Current directory is now: /www/employee
Success upload: emachines-PC_201504301651.jpg
Image captured: C:\Users\Administrator\AppData\Local\Temp\ema91D7.tmp
Connected to the ftp server
Current directory is now: /www/employee
Success upload: emachines-PC_201504301652.jpg
Image captured: C:\Users\Administrator\AppData\Local\Temp\ema7C26.tmp
Connected to the ftp server
Current directory is now: /www/employee
Success upload: emachines-PC_201504301653.jpg
Image captured: C:\Users\Administrator\AppData\Local\Temp\ema66D2.tmp
Connected to the ftp server
Current directory is now: /www/employee
Success upload: emachines-PC_201504301654.jpg
Image captured: C:\Users\Administrator\AppData\Local\Temp\ema5101.tmp
Connected to the ftp server
Current directory is now: /www/employee
Success upload: emachines-PC_201504301655.jpg
Image captured: C:\Users\Administrator\AppData\Local\Temp\ema3B11.tmp
Connected to the ftp server
Current directory is now: /www/employee
Success upload: emachines-PC_201504301656.jpg
Image captured: C:\Users\Administrator\AppData\Local\Temp\ema261A.tmp
Connected to the ftp server
Current directory is now: /www/employee
Success upload: emachines-PC_201504301657.jpg
Image captured: C:\Users\Administrator\AppData\Local\Temp\emaFEC.tmp
Connected to the ftp server
Current directory is now: /www/employee
Success upload: emachines-PC_201504301658.jpg
Image captured: C:\Users\Administrator\AppData\Local\Temp\emaFB24.tmp
Connected to the ftp server
Current directory is now: /www/employee
Success upload: emachines-PC_201504301659.jpg
Image captured: C:\Users\Administrator\AppData\Local\Temp\emaE573.tmp
Connected to the ftp server
Current directory is now: /www/employee
Success upload: emachines-PC_201504301700.jpg
Image captured: C:\Users\Administrator\AppData\Local\Temp\emaCEB8.tmp
Connected to the ftp server
Current directory is now: /www/employee
Success upload: emachines-PC_201504301701.jpg
Image captured: C:\Users\Administrator\AppData\Local\Temp\emaB9D1.tmp
Connected to the ftp server
Current directory is now: /www/employee
Success upload: emachines-PC_201504301702.jpg
Image captured: C:\Users\Administrator\AppData\Local\Temp\emaA355.tmp
Connected to the ftp server
Current directory is now: /www/employee
Success upload: emachines-PC_201504301703.jpg
Image captured: C:\Users\Administrator\AppData\Local\Temp\ema8D84.tmp
Connected to the ftp server
Current directory is now: /www/employee
Success upload: emachines-PC_201504301704.jpg
Image captured: C:\Users\Administrator\AppData\Local\Temp\ema7840.tmp
Connected to the ftp server
Current directory is now: /www/employee
Success upload: emachines-PC_201504301705.jpg
Image captured: C:\Users\Administrator\AppData\Local\Temp\ema62AD.tmp
Connected to the ftp server
Current directory is now: /www/employee
Success upload: emachines-PC_201504301706.jpg
Image captured: C:\Users\Administrator\AppData\Local\Temp\ema4C9E.tmp
Connected to the ftp server
Current directory is now: /www/employee
Success upload: emachines-PC_201504301707.jpg
Image captured: C:\Users\Administrator\AppData\Local\Temp\ema3759.tmp
Connected to the ftp server
Current directory is now: /www/employee
Success upload: emachines-PC_201504301708.jpg
Image captured: C:\Users\Administrator\AppData\Local\Temp\ema211B.tmp
Connected to the ftp server
Current directory is now: /www/employee
Success upload: emachines-PC_201504301709.jpg
Image captured: C:\Users\Administrator\AppData\Local\Temp\emaBB8.tmp
Connected to the ftp server
Current directory is now: /www/employee
Success upload: emachines-PC_201504301710.jpg
Image captured: C:\Users\Administrator\AppData\Local\Temp\emaF616.tmp
Connected to the ftp server
Current directory is now: /www/employee
Success upload: emachines-PC_201504301711.jpg
Image captured: C:\Users\Administrator\AppData\Local\Temp\emaE055.tmp
Connected to the ftp server
Current directory is now: /www/employee
Success upload: emachines-PC_201504301712.jpg
Image captured: C:\Users\Administrator\AppData\Local\Temp\emaCAD2.tmp
Connected to the ftp server
Current directory is now: /www/employee
Success upload: emachines-PC_201504301713.jpg
Image captured: C:\Users\Administrator\AppData\Local\Temp\emaB511.tmp
Connected to the ftp server
Current directory is now: /www/employee
Success upload: emachines-PC_201504301714.jpg
Image captured: C:\Users\Administrator\AppData\Local\Temp\ema9FAD.tmp
Connected to the ftp server
Current directory is now: /www/employee
Success upload: emachines-PC_201504301715.jpg
Image captured: C:\Users\Administrator\AppData\Local\Temp\ema89BD.tmp
Connected to the ftp server
Current directory is now: /www/employee
Success upload: emachines-PC_201504301716.jpg
Image captured: C:\Users\Administrator\AppData\Local\Temp\ema744A.tmp
Connected to the ftp server
Current directory is now: /www/employee
Success upload: emachines-PC_201504301717.jpg
Image captured: C:\Users\Administrator\AppData\Local\Temp\ema5E79.tmp
Connected to the ftp server
Current directory is now: /www/employee
Success upload: emachines-PC_201504301718.jpg
Image captured: C:\Users\Administrator\AppData\Local\Temp\ema48E7.tmp
Connected to the ftp server
Current directory is now: /www/employee
Success upload: emachines-PC_201504301719.jpg
Image captured: C:\Users\Administrator\AppData\Local\Temp\ema3373.tmp
Connected to the ftp server
Current directory is now: /www/employee
Success upload: emachines-PC_201504301720.jpg
Image captured: C:\Users\Administrator\AppData\Local\Temp\ema1DB2.tmp
Connected to the ftp server
Current directory is now: /www/employee
Success upload: emachines-PC_201504301721.jpg
Image captured: C:\Users\Administrator\AppData\Local\Temp\ema84E.tmp
Connected to the ftp server
Current directory is now: /www/employee
Success upload: emachines-PC_201504301722.jpg
Image captured: C:\Users\Administrator\AppData\Local\Temp\emaF25E.tmp
Connected to the ftp server
Current directory is now: /www/employee
Success upload: emachines-PC_201504301723.jpg
Image captured: C:\Users\Administrator\AppData\Local\Temp\emaDCFB.tmp
Connected to the ftp server
Current directory is now: /www/employee
Success upload: emachines-PC_201504301724.jpg
Image captured: C:\Users\Administrator\AppData\Local\Temp\emaC72A.tmp
Connected to the ftp server
Current directory is now: /www/employee
Success upload: emachines-PC_201504301725.jpg
Image captured: C:\Users\Administrator\AppData\Local\Temp\emaB1B7.tmp
Connected to the ftp server
Current directory is now: /www/employee
Success upload: emachines-PC_201504301726.jpg
Image captured: C:\Users\Administrator\AppData\Local\Temp\ema9BE6.tmp
Connected to the ftp server
Current directory is now: /www/employee
Success upload: emachines-PC_201504301727.jpg
Image captured: C:\Users\Administrator\AppData\Local\Temp\ema8663.tmp
Connected to the ftp server
Current directory is now: /www/employee
Success upload: emachines-PC_201504301728.jpg
Image captured: C:\Users\Administrator\AppData\Local\Temp\ema70D1.tmp
Connected to the ftp server
Current directory is now: /www/employee
Success upload: emachines-PC_201504301729.jpg
Image captured: C:\Users\Administrator\AppData\Local\Temp\ema5B10.tmp
Connected to the ftp server
Current directory is now: /www/employee
Success upload: emachines-PC_201504301730.jpg
Image captured: C:\Users\Administrator\AppData\Local\Temp\ema45AC.tmp
Connected to the ftp server
Current directory is now: /www/employee
Success upload: emachines-PC_201504301731.jpg
Image captured: C:\Users\Administrator\AppData\Local\Temp\ema2FAC.tmp
Connected to the ftp server
Current directory is now: /www/employee
Success upload: emachines-PC_201504301732.jpg
Image captured: C:\Users\Administrator\AppData\Local\Temp\ema1A58.tmp
Connected to the ftp server
Current directory is now: /www/employee
Success upload: emachines-PC_201504301733.jpg
Image captured: C:\Users\Administrator\AppData\Local\Temp\ema497.tmp
Connected to the ftp server
Current directory is now: /www/employee
Success upload: emachines-PC_201504301734.jpg
Image captured: C:\Users\Administrator\AppData\Local\Temp\ema9CFF.tmp
Connected to the ftp server
Current directory is now: /www/employee
Success upload: emachines-PC_201504301736.jpg
Image captured: C:\Users\Administrator\AppData\Local\Temp\ema3132.tmp
Connected to the ftp server
Current directory is now: /www/employee
Success upload: emachines-PC_201504301737.jpg
Image captured: C:\Users\Administrator\AppData\Local\Temp\emaC853.tmp
Connected to the ftp server
Current directory is now: /www/employee
Success upload: emachines-PC_201504301737.jpg
Image captured: C:\Users\Administrator\AppData\Local\Temp\emaAE6D.tmp
Connected to the ftp server
Current directory is now: /www/employee
Success upload: emachines-PC_201504301738.jpg
Image captured: C:\Users\Administrator\AppData\Local\Temp\ema989C.tmp
Connected to the ftp server
Current directory is now: /www/employee
Success upload: emachines-PC_201504301739.jpg
Image captured: C:\Users\Administrator\AppData\Local\Temp\ema82CB.tmp
Connected to the ftp server
Current directory is now: /www/employee
Success upload: emachines-PC_201504301740.jpg
Image captured: C:\Users\Administrator\AppData\Local\Temp\ema6D96.tmp
Connected to the ftp server
Current directory is now: /www/employee
Success upload: emachines-PC_201504301741.jpg
Image captured: C:\Users\Administrator\AppData\Local\Temp\ema57B6.tmp
Connected to the ftp server
Current directory is now: /www/employee
Success upload: emachines-PC_201504301742.jpg
Image captured: C:\Users\Administrator\AppData\Local\Temp\ema41E5.tmp
Connected to the ftp server
Current directory is now: /www/employee
Success upload: emachines-PC_201504301743.jpg
Image captured: C:\Users\Administrator\AppData\Local\Temp\ema2C81.tmp
Connected to the ftp server
Current directory is now: /www/employee
Success upload: emachines-PC_201504301744.jpg
Image captured: C:\Users\Administrator\AppData\Local\Temp\ema16B1.tmp
Connected to the ftp server
Current directory is now: /www/employee
Success upload: emachines-PC_201504301745.jpg
Image captured: C:\Users\Administrator\AppData\Local\Temp\ema14D.tmp
Connected to the ftp server
Current directory is now: /www/employee
Success upload: emachines-PC_201504301746.jpg
Image captured: C:\Users\Administrator\AppData\Local\Temp\emaEB6C.tmp
Connected to the ftp server
Current directory is now: /www/employee
Success upload: emachines-PC_201504301747.jpg
Image captured: C:\Users\Administrator\AppData\Local\Temp\emaD609.tmp
Connected to the ftp server
Current directory is now: /www/employee
Success upload: emachines-PC_201504301748.jpg
Image captured: C:\Users\Administrator\AppData\Local\Temp\emaC096.tmp
Connected to the ftp server
Current directory is now: /www/employee
Success upload: emachines-PC_201504301749.jpg
Image captured: C:\Users\Administrator\AppData\Local\Temp\emaAA86.tmp
Connected to the ftp server
Current directory is now: /www/employee
Success upload: emachines-PC_201504301750.jpg
Image captured: C:\Users\Administrator\AppData\Local\Temp\ema9523.tmp
Connected to the ftp server
Current directory is now: /www/employee
Success upload: emachines-PC_201504301751.jpg
Image captured: C:\Users\Administrator\AppData\Local\Temp\ema7F52.tmp
Connected to the ftp server
Current directory is now: /www/employee
Success upload: emachines-PC_201504301752.jpg
Image captured: C:\Users\Administrator\AppData\Local\Temp\ema69DF.tmp
Connected to the ftp server
Current directory is now: /www/employee
Success upload: emachines-PC_201504301753.jpg
Image captured: C:\Users\Administrator\AppData\Local\Temp\ema53FE.tmp
Connected to the ftp server
Current directory is now: /www/employee
Success upload: emachines-PC_201504301754.jpg
Image captured: C:\Users\Administrator\AppData\Local\Temp\ema3E9B.tmp
Connected to the ftp server
Current directory is now: /www/employee
Success upload: emachines-PC_201504301755.jpg
Image captured: C:\Users\Administrator\AppData\Local\Temp\ema28F9.tmp
Connected to the ftp server
Current directory is now: /www/employee
Success upload: emachines-PC_201504301756.jpg
Image captured: C:\Users\Administrator\AppData\Local\Temp\ema13E3.tmp
Connected to the ftp server
Current directory is now: /www/employee
Success upload: emachines-PC_201504301757.jpg
Image captured: C:\Users\Administrator\AppData\Local\Temp\emaFD86.tmp
Connected to the ftp server
Current directory is now: /www/employee
Success upload: emachines-PC_201504301758.jpg
Image captured: C:\Users\Administrator\AppData\Local\Temp\emaE803.tmp
Connected to the ftp server
Current directory is now: /www/employee
Success upload: emachines-PC_201504301759.jpg
Image captured: C:\Users\Administrator\AppData\Local\Temp\emaD280.tmp
Connected to the ftp server
Current directory is now: /www/employee
Success upload: emachines-PC_201504301800.jpg
Image captured: C:\Users\Administrator\AppData\Local\Temp\emaBCAF.tmp
Connected to the ftp server
Current directory is now: /www/employee
Success upload: emachines-PC_201504301801.jpg
Image captured: C:\Users\Administrator\AppData\Local\Temp\emaA74C.tmp
Connected to the ftp server
Current directory is now: /www/employee
Success upload: emachines-PC_201504301802.jpg
Image captured: C:\Users\Administrator\AppData\Local\Temp\ema916B.tmp
Connected to the ftp server
Current directory is now: /www/employee
Success upload: emachines-PC_201504301803.jpg
Image captured: C:\Users\Administrator\AppData\Local\Temp\ema7C08.tmp
Connected to the ftp server
Current directory is now: /www/employee
Success upload: emachines-PC_201504301804.jpg
Image captured: C:\Users\Administrator\AppData\Local\Temp\ema6627.tmp
Connected to the ftp server
Current directory is now: /www/employee
Success upload: emachines-PC_201504301805.jpg
Image captured: C:\Users\Administrator\AppData\Local\Temp\ema50E3.tmp
Connected to the ftp server
Current directory is now: /www/employee
Success upload: emachines-PC_201504301806.jpg
Image captured: C:\Users\Administrator\AppData\Local\Temp\ema3B03.tmp
Connected to the ftp server
Current directory is now: /www/employee
Success upload: emachines-PC_201504301807.jpg
Image captured: C:\Users\Administrator\AppData\Local\Temp\ema2541.tmp
Connected to the ftp server
Current directory is now: /www/employee
Success upload: emachines-PC_201504301808.jpg
Image captured: C:\Users\Administrator\AppData\Local\Temp\emaFAF.tmp
Connected to the ftp server
Current directory is now: /www/employee
Success upload: emachines-PC_201504301809.jpg
Image captured: C:\Users\Administrator\AppData\Local\Temp\emaFA1D.tmp
Connected to the ftp server
Current directory is now: /www/employee
Success upload: emachines-PC_201504301810.jpg
Image captured: C:\Users\Administrator\AppData\Local\Temp\emaE4A9.tmp
Connected to the ftp server
Current directory is now: /www/employee
Success upload: emachines-PC_201504301811.jpg
Image captured: C:\Users\Administrator\AppData\Local\Temp\emaCEAA.tmp
Connected to the ftp server
Current directory is now: /www/employee
Success upload: emachines-PC_201504301812.jpg
Image captured: C:\Users\Administrator\AppData\Local\Temp\emaBAFB.tmp
Connected to the ftp server
Current directory is now: /www/employee
Success upload: emachines-PC_201504301813.jpg
Image captured: C:\Users\Administrator\AppData\Local\Temp\emaA394.tmp
Connected to the ftp server
Current directory is now: /www/employee
Success upload: emachines-PC_201504301814.jpg
Image captured: C:\Users\Administrator\AppData\Local\Temp\ema8E21.tmp
Connected to the ftp server
Current directory is now: /www/employee
Success upload: emachines-PC_201504301815.jpg
Image captured: C:\Users\Administrator\AppData\Local\Temp\ema7841.tmp
Connected to the ftp server
Current directory is now: /www/employee
Success upload: emachines-PC_201504301816.jpg
Image captured: C:\Users\Administrator\AppData\Local\Temp\ema62BE.tmp
Connected to the ftp server
Current directory is now: /www/employee
Success upload: emachines-PC_201504301817.jpg
Image captured: C:\Users\Administrator\AppData\Local\Temp\ema4D0C.tmp
Connected to the ftp server
Current directory is now: /www/employee
Success upload: emachines-PC_201504301818.jpg
Image captured: C:\Users\Administrator\AppData\Local\Temp\ema37A9.tmp
Connected to the ftp server
Current directory is now: /www/employee
Success upload: emachines-PC_201504301819.jpg
Image captured: C:\Users\Administrator\AppData\Local\Temp\ema21C8.tmp
Connected to the ftp server
Current directory is now: /www/employee
Success upload: emachines-PC_201504301820.jpg
Image captured: C:\Users\Administrator\AppData\Local\Temp\emaC36.tmp
Connected to the ftp server
Current directory is now: /www/employee
Success upload: emachines-PC_201504301821.jpg
Image captured: C:\Users\Administrator\AppData\Local\Temp\Ben7C02.tmp
Connected to the ftp server
Current directory is now: /www/employee
Success upload: Benjamin-PC_201504301834.jpg
Image captured: C:\Users\Administrator\AppData\Local\Temp\Ben57FE.tmp
Connected to the ftp server
Current directory is now: /www/employee
Success upload: Benjamin-PC_201504301835.jpg
Image captured: C:\Users\Administrator\AppData\Local\Temp\Ben422D.tmp
Connected to the ftp server
Current directory is now: /www/employee
Success upload: Benjamin-PC_201504301836.jpg
Image captured: C:\Users\Administrator\AppData\Local\Temp\Ben2CAA.tmp
Connected to the ftp server
Current directory is now: /www/employee
Success upload: Benjamin-PC_201504301837.jpg
Image captured: C:\Users\Administrator\AppData\Local\Temp\Ben16CA.tmp
Connected to the ftp server
Current directory is now: /www/employee
Success upload: Benjamin-PC_201504301838.jpg
Image captured: C:\Users\Administrator\AppData\Local\Temp\Ben118.tmp
Connected to the ftp server
Current directory is now: /www/employee
Success upload: Benjamin-PC_201504301839.jpg
Image captured: C:\Users\Administrator\AppData\Local\Temp\BenEB96.tmp
Connected to the ftp server
Current directory is now: /www/employee
Success upload: Benjamin-PC_201504301840.jpg
Image captured: C:\Users\Administrator\AppData\Local\Temp\BenD5E4.tmp
Connected to the ftp server
Current directory is now: /www/employee
Success upload: Benjamin-PC_201504301841.jpg
Image captured: C:\Users\Administrator\AppData\Local\Temp\BenC061.tmp
Connected to the ftp server
Current directory is now: /www/employee
Success upload: Benjamin-PC_201504301842.jpg
Image captured: C:\Users\Administrator\AppData\Local\Temp\BenAAA0.tmp
Connected to the ftp server
Current directory is now: /www/employee
Success upload: Benjamin-PC_201504301843.jpg
Image captured: C:\Users\Administrator\AppData\Local\Temp\Ben954C.tmp
Connected to the ftp server
Current directory is now: /www/employee
Success upload: Benjamin-PC_201504301844.jpg
Image captured: C:\Users\Administrator\AppData\Local\Temp\Ben7F4C.tmp
Connected to the ftp server
Current directory is now: /www/employee
Success upload: Benjamin-PC_201504301845.jpg
Image captured: C:\Users\Administrator\AppData\Local\Temp\Ben69E9.tmp
Connected to the ftp server
Current directory is now: /www/employee
Success upload: Benjamin-PC_201504301846.jpg
Image captured: C:\Users\Administrator\AppData\Local\Temp\Ben5437.tmp
Connected to the ftp server
Current directory is now: /www/employee
Success upload: Benjamin-PC_201504301847.jpg
Image captured: C:\Users\Administrator\AppData\Local\Temp\Ben3E95.tmp
Connected to the ftp server
Current directory is now: /www/employee
Success upload: Benjamin-PC_201504301848.jpg
Image captured: C:\Users\Administrator\AppData\Local\Temp\Ben28D4.tmp
Connected to the ftp server
Current directory is now: /www/employee
Success upload: Benjamin-PC_201504301849.jpg
Image captured: C:\Users\Administrator\AppData\Local\Temp\Ben1341.tmp
Connected to the ftp server
Current directory is now: /www/employee
Success upload: Benjamin-PC_201504301850.jpg
Image captured: C:\Users\Administrator\AppData\Local\Temp\BenFDBF.tmp
Connected to the ftp server
Current directory is now: /www/employee
Success upload: Benjamin-PC_201504301851.jpg
Image captured: C:\Users\Administrator\AppData\Local\Temp\BenE7FD.tmp
Connected to the ftp server
Current directory is now: /www/employee
Success upload: Benjamin-PC_201504301852.jpg
Image captured: C:\Users\Administrator\AppData\Local\Temp\BenD27B.tmp
Connected to the ftp server
Current directory is now: /www/employee
Success upload: Benjamin-PC_201504301853.jpg
Image captured: C:\Users\Administrator\AppData\Local\Temp\BenBCB9.tmp
Connected to the ftp server
Current directory is now: /www/employee
Success upload: Benjamin-PC_201504301854.jpg
Image captured: C:\Users\Administrator\AppData\Local\Temp\BenA756.tmp
Connected to the ftp server
Current directory is now: /www/employee
Success upload: Benjamin-PC_201504301855.jpg
Image captured: C:\Users\Administrator\AppData\Local\Temp\Ben9185.tmp
Connected to the ftp server
Current directory is now: /www/employee
Success upload: Benjamin-PC_201504301856.jpg
Image captured: C:\Users\Administrator\AppData\Local\Temp\Ben7BE3.tmp
Connected to the ftp server
Current directory is now: /www/employee
Success upload: Benjamin-PC_201504301857.jpg
Image captured: C:\Users\Administrator\AppData\Local\Temp\Ben6641.tmp
Connected to the ftp server
Current directory is now: /www/employee
Success upload: Benjamin-PC_201504301858.jpg
Image captured: C:\Users\Administrator\AppData\Local\Temp\Ben50AF.tmp
Connected to the ftp server
Current directory is now: /www/employee
Success upload: Benjamin-PC_201504301859.jpg
Image captured: C:\Users\Administrator\AppData\Local\Temp\Ben3B3B.tmp
Connected to the ftp server
Current directory is now: /www/employee
Success upload: Benjamin-PC_201504301900.jpg
Image captured: C:\Users\Administrator\AppData\Local\Temp\Ben254B.tmp
Connected to the ftp server
Current directory is now: /www/employee
Success upload: Benjamin-PC_201504301901.jpg
Image captured: C:\Users\Administrator\AppData\Local\Temp\BenFF7.tmp
Connected to the ftp server
Current directory is now: /www/employee
Success upload: Benjamin-PC_201504301902.jpg
Image captured: C:\Users\Administrator\AppData\Local\Temp\BenFA26.tmp
Connected to the ftp server
Current directory is now: /www/employee
Success upload: Benjamin-PC_201504301903.jpg
Image captured: C:\Users\Administrator\AppData\Local\Temp\BenE4A4.tmp
Connected to the ftp server
Current directory is now: /www/employee
Success upload: Benjamin-PC_201504301904.jpg
Image captured: C:\Users\Administrator\AppData\Local\Temp\BenCEE2.tmp
Connected to the ftp server
Current directory is now: /www/employee
Success upload: Benjamin-PC_201504301905.jpg
Image captured: C:\Users\Administrator\AppData\Local\Temp\BenB960.tmp
Connected to the ftp server
Current directory is now: /www/employee
Success upload: Benjamin-PC_201504301906.jpg
Image captured: C:\Users\Administrator\AppData\Local\Temp\BenA38F.tmp
Connected to the ftp server
Current directory is now: /www/employee
Success upload: Benjamin-PC_201504301907.jpg
Image captured: C:\Users\Administrator\AppData\Local\Temp\Ben8E0C.tmp
Connected to the ftp server
Current directory is now: /www/employee
Success upload: Benjamin-PC_201504301908.jpg
Image captured: C:\Users\Administrator\AppData\Local\Temp\Ben7899.tmp
Connected to the ftp server
Current directory is now: /www/employee
Success upload: Benjamin-PC_201504301909.jpg
Image captured: C:\Users\Administrator\AppData\Local\Temp\Ben62B8.tmp
Connected to the ftp server
Current directory is now: /www/employee
Success upload: Benjamin-PC_201504301910.jpg
Image captured: C:\Users\Administrator\AppData\Local\Temp\Ben4D45.tmp
Connected to the ftp server
Current directory is now: /www/employee
Success upload: Benjamin-PC_201504301911.jpg
Image captured: C:\Users\Administrator\AppData\Local\Temp\Ben3784.tmp
Connected to the ftp server
Current directory is now: /www/employee
Success upload: Benjamin-PC_201504301912.jpg
Image captured: C:\Users\Administrator\AppData\Local\Temp\Ben2211.tmp
Connected to the ftp server
Current directory is now: /www/employee
Success upload: Benjamin-PC_201504301913.jpg
Image captured: C:\Users\Administrator\AppData\Local\Temp\BenC40.tmp
Connected to the ftp server
Current directory is now: /www/employee
Success upload: Benjamin-PC_201504301914.jpg
Image captured: C:\Users\Administrator\AppData\Local\Temp\BenF6DC.tmp
Connected to the ftp server
Current directory is now: /www/employee
Success upload: Benjamin-PC_201504301915.jpg
Image captured: C:\Users\Administrator\AppData\Local\Temp\BenE10B.tmp
Connected to the ftp server
Current directory is now: /www/employee
Success upload: Benjamin-PC_201504301916.jpg
Image captured: C:\Users\Administrator\AppData\Local\Temp\BenCB4A.tmp
Connected to the ftp server
Current directory is now: /www/employee
Success upload: Benjamin-PC_201504301917.jpg
Image captured: C:\Users\Administrator\AppData\Local\Temp\BenB5F6.tmp
Connected to the ftp server
Current directory is now: /www/employee
Success upload: Benjamin-PC_201504301918.jpg
Image captured: C:\Users\Administrator\AppData\Local\Temp\BenA025.tmp
Connected to the ftp server
Current directory is now: /www/employee
Success upload: Benjamin-PC_201504301919.jpg
Image captured: C:\Users\Administrator\AppData\Local\Temp\Ben8AB2.tmp
Connected to the ftp server
Current directory is now: /www/employee
Success upload: Benjamin-PC_201504301920.jpg
Image captured: C:\Users\Administrator\AppData\Local\Temp\Ben74E1.tmp
Connected to the ftp server
Current directory is now: /www/employee
Success upload: Benjamin-PC_201504301921.jpg
Image captured: C:\Users\Administrator\AppData\Local\Temp\Ben5F7E.tmp
Connected to the ftp server
Current directory is now: /www/employee
Success upload: Benjamin-PC_201504301922.jpg
Image captured: C:\Users\Administrator\AppData\Local\Temp\Ben4A0B.tmp
Connected to the ftp server
Current directory is now: /www/employee
Success upload: Benjamin-PC_201504301923.jpg
Image captured: C:\Users\Administrator\AppData\Local\Temp\Ben6F76.tmp
Connected to the ftp server
Current directory is now: /www/employee
Success upload: Benjamin-PC_201505011435.jpg
Image captured: C:\Users\Administrator\AppData\Local\Temp\Ben7511.tmp
Connected to the ftp server
Current directory is now: /www/employee
Success upload: Benjamin-PC_201505011435.jpg
Image captured: C:\Users\Administrator\AppData\Local\Temp\Ben568A.tmp
Connected to the ftp server
Current directory is now: /www/employee
Success upload: Benjamin-PC_201505011436.jpg
Image captured: C:\Users\Administrator\AppData\Local\Temp\Ben3E78.tmp
Connected to the ftp server
Current directory is now: /www/employee
Success upload: Benjamin-PC_201505011437.jpg
Image captured: C:\Users\Administrator\AppData\Local\Temp\Ben28C6.tmp
Connected to the ftp server
Current directory is now: /www/employee
Success upload: Benjamin-PC_201505011438.jpg
Image captured: C:\Users\Administrator\AppData\Local\Temp\BenB980.tmp
Connected to the ftp server
Current directory is now: /www/employee
Success upload: Benjamin-PC_201505011440.jpg
Image captured: C:\Users\Administrator\AppData\Local\Temp\Ben116F.tmp
Connected to the ftp server
Current directory is now: /www/employee
Success upload: Benjamin-PC_201505011440.jpg
Image captured: C:\Users\Administrator\AppData\Local\Temp\BenEB1B.tmp
Connected to the ftp server
Current directory is now: /www/employee
Success upload: Benjamin-PC_201505011441.jpg
Image captured: C:\Users\Administrator\AppData\Local\Temp\BenDB14.tmp
Connected to the ftp server
Current directory is now: /www/employee
Success upload: Benjamin-PC_201505011442.jpg
Image captured: C:\Users\Administrator\AppData\Local\Temp\BenDBC0.tmp
Connected to the ftp server
Current directory is now: /www/employee
Success upload: Benjamin-PC_201505011444.jpg
Image captured: C:\Users\Administrator\AppData\Local\Temp\BenAD02.tmp
Connected to the ftp server
Current directory is now: /www/employee
Success upload: Benjamin-PC_201505011444.jpg
Image captured: C:\Users\Administrator\AppData\Local\Temp\Ben9168.tmp
Connected to the ftp server
Current directory is now: /www/employee
Success upload: Benjamin-PC_201505011445.jpg
Image captured: C:\Users\Administrator\AppData\Local\Temp\Ben7CDE.tmp
Connected to the ftp server
Current directory is now: /www/employee
Success upload: Benjamin-PC_201505011446.jpg
Image captured: C:\Users\Administrator\AppData\Local\Temp\Ben6BCE.tmp
Connected to the ftp server
Current directory is now: /www/employee
Success upload: Benjamin-PC_201505011447.jpg
Image captured: C:\Users\Administrator\AppData\Local\Temp\Ben5275.tmp
Connected to the ftp server
Current directory is now: /www/employee
Success upload: Benjamin-PC_201505011448.jpg
Image captured: C:\Users\Administrator\AppData\Local\Temp\Ben4155.tmp
Connected to the ftp server
Current directory is now: /www/employee
Success upload: Benjamin-PC_201505011449.jpg
Image captured: C:\Users\Administrator\AppData\Local\Temp\Ben278E.tmp
Connected to the ftp server
Current directory is now: /www/employee
Success upload: Benjamin-PC_201505011450.jpg
Image captured: C:\Users\Administrator\AppData\Local\Temp\Ben1D23.tmp
Connected to the ftp server
Current directory is now: /www/employee
Success upload: Benjamin-PC_201505011451.jpg
Image captured: C:\Users\Administrator\AppData\Local\Temp\BenFFB4.tmp
Connected to the ftp server
Current directory is now: /www/employee
Success upload: Benjamin-PC_201505011452.jpg
Image captured: C:\Users\Administrator\AppData\Local\Temp\BenE773.tmp
Connected to the ftp server
Current directory is now: /www/employee
Success upload: Benjamin-PC_201505011453.jpg
Image captured: C:\Users\Administrator\AppData\Local\Temp\BenD183.tmp
Connected to the ftp server
Current directory is now: /www/employee
Success upload: Benjamin-PC_201505011454.jpg
Image captured: C:\Users\Administrator\AppData\Local\Temp\BenC0E0.tmp
Connected to the ftp server
Current directory is now: /www/employee
Success upload: Benjamin-PC_201505011455.jpg
Image captured: C:\Users\Administrator\AppData\Local\Temp\BenC4C7.tmp
Connected to the ftp server
Current directory is now: /www/employee
Success upload: Benjamin-PC_201505011457.jpg
Image captured: C:\Users\Administrator\AppData\Local\Temp\Ben9A8C.tmp
Connected to the ftp server
Current directory is now: /www/employee
Success upload: Benjamin-PC_201505011457.jpg
Image captured: C:\Users\Administrator\AppData\Local\Temp\Ben894D.tmp
Connected to the ftp server
Current directory is now: /www/employee
Success upload: Benjamin-PC_201505011459.jpg
Image captured: C:\Users\Administrator\AppData\Local\Temp\Ben6672.tmp
Connected to the ftp server
Current directory is now: /www/employee
Success upload: Benjamin-PC_201505011459.jpg
Image captured: C:\Users\Administrator\AppData\Local\Temp\Ben55EE.tmp
Connected to the ftp server
Current directory is now: /www/employee
Success upload: Benjamin-PC_201505011500.jpg
Image captured: C:\Users\Administrator\AppData\Local\Temp\Ben3B2E.tmp
Connected to the ftp server
Current directory is now: /www/employee
Success upload: Benjamin-PC_201505011501.jpg
Image captured: C:\Users\Administrator\AppData\Local\Temp\Ben26F2.tmp
Connected to the ftp server
Current directory is now: /www/employee
Success upload: Benjamin-PC_201505011502.jpg
Image captured: C:\Users\Administrator\AppData\Local\Temp\Ben17E5.tmp
Connected to the ftp server
Current directory is now: /www/employee
Success upload: Benjamin-PC_201505011503.jpg
Image captured: C:\Users\Administrator\AppData\Local\Temp\BenF9CB.tmp
Connected to the ftp server
Current directory is now: /www/employee
Success upload: Benjamin-PC_201505011504.jpg
Image captured: C:\Users\Administrator\AppData\Local\Temp\BenE3BC.tmp
Connected to the ftp server
Current directory is now: /www/employee
Success upload: Benjamin-PC_201505011505.jpg
Image captured: C:\Users\Administrator\AppData\Local\Temp\BenCE1A.tmp
Connected to the ftp server
Current directory is now: /www/employee
Success upload: Benjamin-PC_201505011506.jpg
Image captured: C:\Users\Administrator\AppData\Local\Temp\BenB858.tmp
Connected to the ftp server
Current directory is now: /www/employee
Success upload: Benjamin-PC_201505011507.jpg
Image captured: C:\Users\Administrator\AppData\Local\Temp\BenA2D6.tmp
Connected to the ftp server
Current directory is now: /www/employee
Success upload: Benjamin-PC_201505011508.jpg
Image captured: C:\Users\Administrator\AppData\Local\Temp\Ben8C3A.tmp
Connected to the ftp server
Current directory is now: /www/employee
Success upload: Benjamin-PC_201505011509.jpg
Image captured: C:\Users\Administrator\AppData\Local\Temp\Ben77A1.tmp
Connected to the ftp server
Current directory is now: /www/employee
Success upload: Benjamin-PC_201505011510.jpg
Image captured: C:\Users\Administrator\AppData\Local\Temp\Ben601C.tmp
Connected to the ftp server
Current directory is now: /www/employee
Success upload: Benjamin-PC_201505011511.jpg
Image captured: C:\Users\Administrator\AppData\Local\Temp\Ben4C00.tmp
Connected to the ftp server
Current directory is now: /www/employee
Success upload: Benjamin-PC_201505011512.jpg
Image captured: C:\Users\Administrator\AppData\Local\Temp\Ben3545.tmp
Connected to the ftp server
Current directory is now: /www/employee
Success upload: Benjamin-PC_201505011513.jpg
Image captured: C:\Users\Administrator\AppData\Local\Temp\Ben2119.tmp
Connected to the ftp server
Current directory is now: /www/employee
Success upload: Benjamin-PC_201505011514.jpg
Image captured: C:\Users\Administrator\AppData\Local\Temp\Ben917.tmp
Connected to the ftp server
Current directory is now: /www/employee
Success upload: Benjamin-PC_201505011515.jpg
Image captured: C:\Users\Administrator\AppData\Local\Temp\BenF3A3.tmp
Connected to the ftp server
Current directory is now: /www/employee
Success upload: Benjamin-PC_201505011516.jpg
Image captured: C:\Users\Administrator\AppData\Local\Temp\BenDDC3.tmp
Connected to the ftp server
Current directory is now: /www/employee
Success upload: Benjamin-PC_201505011517.jpg
Image captured: C:\Users\Administrator\AppData\Local\Temp\BenC969.tmp
Connected to the ftp server
Current directory is now: /www/employee
Success upload: Benjamin-PC_201505011518.jpg
Image captured: C:\Users\Administrator\AppData\Local\Temp\BenB5AA.tmp
Connected to the ftp server
Current directory is now: /www/employee
Success upload: Benjamin-PC_201505011519.jpg
Image captured: C:\Users\Administrator\AppData\Local\Temp\Ben9F6C.tmp
Connected to the ftp server
Current directory is now: /www/employee
Success upload: Benjamin-PC_201505011520.jpg
Image captured: C:\Users\Administrator\AppData\Local\Temp\Ben8844.tmp
Connected to the ftp server
Current directory is now: /www/employee
Success upload: Benjamin-PC_201505011521.jpg
Image captured: C:\Users\Administrator\AppData\Local\Temp\Ben7428.tmp
Connected to the ftp server
Current directory is now: /www/employee
Success upload: Benjamin-PC_201505011522.jpg
Image captured: C:\Users\Administrator\AppData\Local\Temp\Ben5C93.tmp
Connected to the ftp server
Current directory is now: /www/employee
Success upload: Benjamin-PC_201505011523.jpg
Image captured: C:\Users\Administrator\AppData\Local\Temp\Ben4932.tmp
Connected to the ftp server
Current directory is now: /www/employee
Success upload: Benjamin-PC_201505011524.jpg
Image captured: C:\Users\Administrator\AppData\Local\Temp\Ben3B9B.tmp
Connected to the ftp server
Current directory is now: /www/employee
Success upload: Benjamin-PC_201505011525.jpg
Image captured: C:\Users\Administrator\AppData\Local\Temp\BenC14E.tmp
Connected to the ftp server
Current directory is now: /www/employee
Success upload: Benjamin-PC_201505011527.jpg
Image captured: C:\Users\Administrator\AppData\Local\Temp\Ben29C1.tmp
Image captured: C:\Users\Administrator\AppData\Local\Temp\Ben2AF9.tmp
Image captured: C:\Users\Administrator\AppData\Local\Temp\Ben2B75.tmp
Image captured: C:\Users\Administrator\AppData\Local\Temp\Ben2BA4.tmp
Image captured: C:\Users\Administrator\AppData\Local\Temp\Ben2E24.tmp
Connected to the ftp server
Current directory is now: /www/employee
Connected to the ftp server
Current directory is now: /www/employee
Connected to the ftp server
Current directory is now: /www/employee
Success upload: Benjamin-PC_201505011532.jpg
Connected to the ftp server
Current directory is now: /www/employee
Success upload: Benjamin-PC_201505011532.jpg
Success upload: Benjamin-PC_201505011532.jpg
Success upload: Benjamin-PC_201505011532.jpg
Connected to the ftp server
Current directory is now: /www/employee
Success upload: Benjamin-PC_201505011532.jpg
Image captured: C:\Users\Administrator\AppData\Local\Temp\Ben9A3E.tmp
Connected to the ftp server
Current directory is now: /www/employee
Success upload: Benjamin-PC_201505011532.jpg
Image captured: C:\Users\Administrator\AppData\Local\Temp\Ben8393.tmp
Connected to the ftp server
Current directory is now: /www/employee
Success upload: Benjamin-PC_201505011533.jpg
Image captured: C:\Users\Administrator\AppData\Local\Temp\Ben6D84.tmp
Connected to the ftp server
Current directory is now: /www/employee
Success upload: Benjamin-PC_201505011534.jpg
Image captured: C:\Users\Administrator\AppData\Local\Temp\Ben585F.tmp
Connected to the ftp server
Current directory is now: /www/employee
Success upload: Benjamin-PC_201505011535.jpg
Image captured: C:\Users\Administrator\AppData\Local\Temp\Ben429E.tmp
Connected to the ftp server
Current directory is now: /www/employee
Success upload: Benjamin-PC_201505011536.jpg
Image captured: C:\Users\Administrator\AppData\Local\Temp\Ben2D3A.tmp
Connected to the ftp server
Current directory is now: /www/employee
Success upload: Benjamin-PC_201505011537.jpg
Image captured: C:\Users\Administrator\AppData\Local\Temp\Ben1769.tmp
Connected to the ftp server
Current directory is now: /www/employee
Success upload: Benjamin-PC_201505011538.jpg
Image captured: C:\Users\Administrator\AppData\Local\Temp\Ben1B7.tmp
Connected to the ftp server
Current directory is now: /www/employee
Success upload: Benjamin-PC_201505011539.jpg
Image captured: C:\Users\Administrator\AppData\Local\Temp\BenEC25.tmp
Connected to the ftp server
Current directory is now: /www/employee
Success upload: Benjamin-PC_201505011540.jpg
Image captured: C:\Users\Administrator\AppData\Local\Temp\BenD673.tmp
Connected to the ftp server
Current directory is now: /www/employee
Success upload: Benjamin-PC_201505011541.jpg
Image captured: C:\Users\Administrator\AppData\Local\Temp\BenC110.tmp
Connected to the ftp server
Current directory is now: /www/employee
Success upload: Benjamin-PC_201505011542.jpg
Image captured: C:\Users\Administrator\AppData\Local\Temp\BenAB4F.tmp
Connected to the ftp server
Current directory is now: /www/employee
Success upload: Benjamin-PC_201505011543.jpg
Image captured: C:\Users\Administrator\AppData\Local\Temp\Ben9629.tmp
Connected to the ftp server
Current directory is now: /www/employee
Success upload: Benjamin-PC_201505011544.jpg
Image captured: C:\Users\Administrator\AppData\Local\Temp\Ben7FFB.tmp
Connected to the ftp server
Current directory is now: /www/employee
Success upload: Benjamin-PC_201505011545.jpg
Image captured: C:\Users\Administrator\AppData\Local\Temp\Ben6A88.tmp
Connected to the ftp server
Current directory is now: /www/employee
Success upload: Benjamin-PC_201505011546.jpg
Image captured: C:\Users\Administrator\AppData\Local\Temp\Ben54C7.tmp
Connected to the ftp server
Current directory is now: /www/employee
Success upload: Benjamin-PC_201505011547.jpg
Image captured: C:\Users\Administrator\AppData\Local\Temp\Ben3FC1.tmp
Connected to the ftp server
Current directory is now: /www/employee
Success upload: Benjamin-PC_201505011548.jpg
Image captured: C:\Users\Administrator\AppData\Local\Temp\Ben2983.tmp
Connected to the ftp server
Current directory is now: /www/employee
Success upload: Benjamin-PC_201505011549.jpg
Image captured: C:\Users\Administrator\AppData\Local\Temp\Ben143E.tmp
Connected to the ftp server
Current directory is now: /www/employee
Success upload: Benjamin-PC_201505011550.jpg
Image captured: C:\Users\Administrator\AppData\Local\Temp\BenFECB.tmp
Connected to the ftp server
Current directory is now: /www/employee
Success upload: Benjamin-PC_201505011551.jpg
Image captured: C:\Users\Administrator\AppData\Local\Temp\BenE87D.tmp
Connected to the ftp server
Current directory is now: /www/employee
Success upload: Benjamin-PC_201505011552.jpg
Image captured: C:\Users\Administrator\AppData\Local\Temp\BenD377.tmp
Connected to the ftp server
Current directory is now: /www/employee
Success upload: Benjamin-PC_201505011553.jpg
Image captured: C:\Users\Administrator\AppData\Local\Temp\BenBE81.tmp
Connected to the ftp server
Current directory is now: /www/employee
Success upload: Benjamin-PC_201505011554.jpg
Image captured: C:\Users\Administrator\AppData\Local\Temp\BenA97B.tmp
Connected to the ftp server
Current directory is now: /www/employee
Success upload: Benjamin-PC_201505011555.jpg
Image captured: C:\Users\Administrator\AppData\Local\Temp\Ben93E8.tmp
Connected to the ftp server
Current directory is now: /www/employee
Success upload: Benjamin-PC_201505011556.jpg
Image captured: C:\Users\Administrator\AppData\Local\Temp\Ben7E08.tmp
Connected to the ftp server
Current directory is now: /www/employee
Success upload: Benjamin-PC_201505011557.jpg
Image captured: C:\Users\Administrator\AppData\Local\Temp\Ben6856.tmp
Connected to the ftp server
Current directory is now: /www/employee
Success upload: Benjamin-PC_201505011558.jpg
Image captured: C:\Users\Administrator\AppData\Local\Temp\Ben4C01.tmp
Connected to the ftp server
Current directory is now: /www/employee
Success upload: Benjamin-PC_201505011600.jpg
Image captured: C:\Users\Administrator\AppData\Local\Temp\Ben8652.tmp
Connected to the ftp server
Current directory is now: /www/employee
Success upload: Benjamin-PC_201505011601.jpg
Image captured: C:\Users\Administrator\AppData\Local\Temp\Ben956F.tmp
Image captured: C:\Users\Administrator\AppData\Local\Temp\Ben962A.tmp
Connected to the ftp server
Current directory is now: /www/employee
Success upload: Benjamin-PC_201505011606.jpg
Connected to the ftp server
Current directory is now: /www/employee
Image captured: C:\Users\Administrator\AppData\Local\Temp\Ben9974.tmp
Success upload: Benjamin-PC_201505011606.jpg
Image captured: C:\Users\Administrator\AppData\Local\Temp\Ben9984.tmp
Connected to the ftp server
Current directory is now: /www/employee
Connected to the ftp server
Current directory is now: /www/employee
Image captured: C:\Users\Administrator\AppData\Local\Temp\Ben99C2.tmp
Success upload: Benjamin-PC_201505011606.jpg
Success upload: Benjamin-PC_201505011606.jpg
Connected to the ftp server
Current directory is now: /www/employee
Success upload: Benjamin-PC_201505011606.jpg
Image captured: C:\Users\Administrator\AppData\Local\Temp\BenE784.tmp
Image captured: C:\Users\Administrator\AppData\Local\Temp\BenE785.tmp
Image captured: C:\Users\Administrator\AppData\Local\Temp\BenE765.tmp
Connected to the ftp server
Current directory is now: /www/employee
Connected to the ftp server
Current directory is now: /www/employee
Connected to the ftp server
Current directory is now: /www/employee
Success upload: Benjamin-PC_201505011609.jpg
Success upload: Benjamin-PC_201505011609.jpg
Success upload: Benjamin-PC_201505011609.jpg
Image captured: C:\Users\Administrator\AppData\Local\Temp\Ben7BB7.tmp
Connected to the ftp server
Current directory is now: /www/employee
Success upload: Benjamin-PC_201505011609.jpg
Image captured: C:\Users\Administrator\AppData\Local\Temp\Ben6357.tmp
Connected to the ftp server
Current directory is now: /www/employee
Success upload: Benjamin-PC_201505011610.jpg
Image captured: C:\Users\Administrator\AppData\Local\Temp\Ben4DB5.tmp
Connected to the ftp server
Current directory is now: /www/employee
Success upload: Benjamin-PC_201505011611.jpg
Image captured: C:\Users\Administrator\AppData\Local\Temp\Ben3823.tmp
Connected to the ftp server
Current directory is now: /www/employee
Success upload: Benjamin-PC_201505011612.jpg
Image captured: C:\Users\Administrator\AppData\Local\Temp\Ben22A0.tmp
Connected to the ftp server
Current directory is now: /www/employee
Success upload: Benjamin-PC_201505011613.jpg
Image captured: C:\Users\Administrator\AppData\Local\Temp\BenCEF.tmp
Connected to the ftp server
Current directory is now: /www/employee
Success upload: Benjamin-PC_201505011614.jpg
Image captured: C:\Users\Administrator\AppData\Local\Temp\BenF75C.tmp
Connected to the ftp server
Current directory is now: /www/employee
Success upload: Benjamin-PC_201505011615.jpg
Image captured: C:\Users\Administrator\AppData\Local\Temp\BenE19B.tmp
Connected to the ftp server
Current directory is now: /www/employee
Success upload: Benjamin-PC_201505011616.jpg
Image captured: C:\Users\Administrator\AppData\Local\Temp\BenCBF9.tmp
Connected to the ftp server
Current directory is now: /www/employee
Success upload: Benjamin-PC_201505011617.jpg
Image captured: C:\Users\Administrator\AppData\Local\Temp\BenB657.tmp
Connected to the ftp server
Current directory is now: /www/employee
Success upload: Benjamin-PC_201505011618.jpg
Image captured: C:\Users\Administrator\AppData\Local\Temp\BenA086.tmp
Connected to the ftp server
Current directory is now: /www/employee
Success upload: Benjamin-PC_201505011619.jpg
Image captured: C:\Users\Administrator\AppData\Local\Temp\Ben8B51.tmp
Connected to the ftp server
Current directory is now: /www/employee
Success upload: Benjamin-PC_201505011620.jpg
Image captured: C:\Users\Administrator\AppData\Local\Temp\Ben7580.tmp
Connected to the ftp server
Current directory is now: /www/employee
Success upload: Benjamin-PC_201505011621.jpg
Image captured: C:\Users\Administrator\AppData\Local\Temp\Ben5FFE.tmp
Connected to the ftp server
Current directory is now: /www/employee
Success upload: Benjamin-PC_201505011622.jpg
Image captured: C:\Users\Administrator\AppData\Local\Temp\Ben4A2D.tmp
Connected to the ftp server
Current directory is now: /www/employee
Success upload: Benjamin-PC_201505011623.jpg
Image captured: C:\Users\Administrator\AppData\Local\Temp\Ben34BA.tmp
Connected to the ftp server
Current directory is now: /www/employee
Success upload: Benjamin-PC_201505011624.jpg
Image captured: C:\Users\Administrator\AppData\Local\Temp\Ben1F37.tmp
Connected to the ftp server
Current directory is now: /www/employee
Success upload: Benjamin-PC_201505011625.jpg
Image captured: C:\Users\Administrator\AppData\Local\Temp\Ben995.tmp
Connected to the ftp server
Current directory is now: /www/employee
Success upload: Benjamin-PC_201505011626.jpg
Image captured: C:\Users\Administrator\AppData\Local\Temp\BenF395.tmp
Connected to the ftp server
Current directory is now: /www/employee
Success upload: Benjamin-PC_201505011627.jpg
Image captured: C:\Users\Administrator\AppData\Local\Temp\BenDE12.tmp
Connected to the ftp server
Current directory is now: /www/employee
Success upload: Benjamin-PC_201505011628.jpg
Image captured: C:\Users\Administrator\AppData\Local\Temp\BenC880.tmp
Connected to the ftp server
Current directory is now: /www/employee
Success upload: Benjamin-PC_201505011629.jpg
Image captured: C:\Users\Administrator\AppData\Local\Temp\BenB2DE.tmp
Connected to the ftp server
Current directory is now: /www/employee
Success upload: Benjamin-PC_201505011630.jpg
Image captured: C:\Users\Administrator\AppData\Local\Temp\Ben9D6B.tmp
Connected to the ftp server
Current directory is now: /www/employee
Success upload: Benjamin-PC_201505011631.jpg
Image captured: C:\Users\Administrator\AppData\Local\Temp\Ben878A.tmp
Connected to the ftp server
Current directory is now: /www/employee
Success upload: Benjamin-PC_201505011632.jpg
Image captured: C:\Users\Administrator\AppData\Local\Temp\Ben7227.tmp
Connected to the ftp server
Current directory is now: /www/employee
Success upload: Benjamin-PC_201505011633.jpg
Image captured: C:\Users\Administrator\AppData\Local\Temp\Ben5C65.tmp
Connected to the ftp server
Current directory is now: /www/employee
Success upload: Benjamin-PC_201505011634.jpg
Image captured: C:\Users\Administrator\AppData\Local\Temp\Ben4702.tmp
Connected to the ftp server
Current directory is now: /www/employee
Success upload: Benjamin-PC_201505011635.jpg
Image captured: C:\Users\Administrator\AppData\Local\Temp\Ben3121.tmp
Connected to the ftp server
Current directory is now: /www/employee
Success upload: Benjamin-PC_201505011636.jpg
Image captured: C:\Users\Administrator\AppData\Local\Temp\Ben1BAE.tmp
Connected to the ftp server
Current directory is now: /www/employee
Success upload: Benjamin-PC_201505011637.jpg
Image captured: C:\Users\Administrator\AppData\Local\Temp\Ben5DD.tmp
Connected to the ftp server
Current directory is now: /www/employee
Success upload: Benjamin-PC_201505011638.jpg
Image captured: C:\Users\Administrator\AppData\Local\Temp\BenF02C.tmp
Connected to the ftp server
Current directory is now: /www/employee
Success upload: Benjamin-PC_201505011639.jpg
Image captured: C:\Users\Administrator\AppData\Local\Temp\BenDA99.tmp
Connected to the ftp server
Current directory is now: /www/employee
Success upload: Benjamin-PC_201505011640.jpg
Image captured: C:\Users\Administrator\AppData\Local\Temp\BenCC0.tmp
Connected to the ftp server
Current directory is now: /www/employee
Success upload: Benjamin-PC_201505011642.jpg
Image captured: C:\Users\Administrator\AppData\Local\Temp\BenC111.tmp
Connected to the ftp server
Current directory is now: /www/employee
Success upload: Benjamin-PC_201505011642.jpg
Image captured: C:\Users\Administrator\AppData\Local\Temp\BenAF55.tmp
Connected to the ftp server
Current directory is now: /www/employee
Success upload: Benjamin-PC_201505011644.jpg
Image captured: C:\Users\Administrator\AppData\Local\Temp\Ben8604.tmp
Connected to the ftp server
Current directory is now: /www/employee
Success upload: Benjamin-PC_201505011644.jpg
Image captured: C:\Users\Administrator\AppData\Local\Temp\Ben6E7F.tmp
Connected to the ftp server
Current directory is now: /www/employee
Success upload: Benjamin-PC_201505011645.jpg
Image captured: C:\Users\Administrator\AppData\Local\Temp\Ben592B.tmp
Connected to the ftp server
Current directory is now: /www/employee
Success upload: Benjamin-PC_201505011646.jpg
Image captured: C:\Users\Administrator\AppData\Local\Temp\Ben433B.tmp
Connected to the ftp server
Current directory is now: /www/employee
Success upload: Benjamin-PC_201505011647.jpg
Image captured: C:\Users\Administrator\AppData\Local\Temp\Ben2EC1.tmp
Connected to the ftp server
Current directory is now: /www/employee
Success upload: Benjamin-PC_201505011648.jpg
Image captured: C:\Users\Administrator\AppData\Local\Temp\Ben26F4.tmp
Connected to the ftp server
Current directory is now: /www/employee
Success upload: Benjamin-PC_201505011649.jpg
Image captured: C:\Users\Administrator\AppData\Local\Temp\BenB69.tmp
Connected to the ftp server
Current directory is now: /www/employee
Success upload: Benjamin-PC_201505011650.jpg
Image captured: C:\Users\Administrator\AppData\Local\Temp\BenF8C4.tmp
Connected to the ftp server
Current directory is now: /www/employee
Success upload: Benjamin-PC_201505011651.jpg
Image captured: C:\Users\Administrator\AppData\Local\Temp\BenE228.tmp
Connected to the ftp server
Current directory is now: /www/employee
Success upload: Benjamin-PC_201505011652.jpg
Image captured: C:\Users\Administrator\AppData\Local\Temp\BenC3DF.tmp
Connected to the ftp server
Current directory is now: /www/employee
Success upload: Benjamin-PC_201505011653.jpg
Image captured: C:\Users\Administrator\AppData\Local\Temp\BenB55E.tmp
Connected to the ftp server
Current directory is now: /www/employee
Success upload: Benjamin-PC_201505011654.jpg
Image captured: C:\Users\Administrator\AppData\Local\Temp\BenA039.tmp
Connected to the ftp server
Current directory is now: /www/employee
Success upload: Benjamin-PC_201505011655.jpg
Image captured: C:\Users\Administrator\AppData\Local\Temp\Ben8E3F.tmp
Connected to the ftp server
Current directory is now: /www/employee
Success upload: Benjamin-PC_201505011656.jpg
Image captured: C:\Users\Administrator\AppData\Local\Temp\Ben6AE7.tmp
Connected to the ftp server
Current directory is now: /www/employee
Success upload: Benjamin-PC_201505011657.jpg
Image captured: C:\Users\Administrator\AppData\Local\Temp\Ben5573.tmp
Connected to the ftp server
Current directory is now: /www/employee
Success upload: Benjamin-PC_201505011658.jpg
Image captured: C:\Users\Administrator\AppData\Local\Temp\Ben5574.tmp
Connected to the ftp server
Current directory is now: /www/employee
Success upload: Benjamin-PC_201505011700.jpg
Image captured: C:\Users\Administrator\AppData\Local\Temp\Ben2ADB.tmp
Connected to the ftp server
Current directory is now: /www/employee
Success upload: Benjamin-PC_201505011700.jpg
Image captured: C:\Users\Administrator\AppData\Local\Temp\Ben149D.tmp
Connected to the ftp server
Current directory is now: /www/employee
Success upload: Benjamin-PC_201505011701.jpg
Image captured: C:\Users\Administrator\AppData\Local\Temp\BenFF97.tmp
Connected to the ftp server
Current directory is now: /www/employee
Success upload: Benjamin-PC_201505011702.jpg
Image captured: C:\Users\Administrator\AppData\Local\Temp\BenE9F5.tmp
Connected to the ftp server
Current directory is now: /www/employee
Success upload: Benjamin-PC_201505011703.jpg
Image captured: C:\Users\Administrator\AppData\Local\Temp\BenDF5B.tmp
Connected to the ftp server
Current directory is now: /www/employee
Success upload: Benjamin-PC_201505011704.jpg
Image captured: C:\Users\Administrator\AppData\Local\Temp\BenCBBB.tmp
Connected to the ftp server
Current directory is now: /www/employee
Success upload: Benjamin-PC_201505011705.jpg
Image captured: C:\Users\Administrator\AppData\Local\Temp\BenB243.tmp
Connected to the ftp server
Current directory is now: /www/employee
Success upload: Benjamin-PC_201505011706.jpg
Image captured: C:\Users\Administrator\AppData\Local\Temp\BenA20D.tmp
Connected to the ftp server
Current directory is now: /www/employee
Success upload: Benjamin-PC_201505011707.jpg
Image captured: C:\Users\Administrator\AppData\Local\Temp\Ben9CA1.tmp
Connected to the ftp server
Current directory is now: /www/employee
Success upload: Benjamin-PC_201505011709.jpg
Image captured: C:\Users\Administrator\AppData\Local\Temp\Ben12D9.tmp
Connected to the ftp server
Current directory is now: /www/employee
Success upload: Benjamin-PC_201505011710.jpg
Image captured: C:\Users\Administrator\AppData\Local\Temp\Ben5296.tmp
Connected to the ftp server
Current directory is now: /www/employee
Success upload: Benjamin-PC_201505011710.jpg
Image captured: C:\Users\Administrator\AppData\Local\Temp\Ben3C58.tmp
Connected to the ftp server
Current directory is now: /www/employee
Success upload: Benjamin-PC_201505011711.jpg
Image captured: C:\Users\Administrator\AppData\Local\Temp\Ben26A7.tmp
Connected to the ftp server
Current directory is now: /www/employee
Success upload: Benjamin-PC_201505011712.jpg
Image captured: C:\Users\Administrator\AppData\Local\Temp\Ben1143.tmp
Connected to the ftp server
Current directory is now: /www/employee
Success upload: Benjamin-PC_201505011713.jpg
Image captured: C:\Users\Administrator\AppData\Local\Temp\BenFC4D.tmp
Connected to the ftp server
Current directory is now: /www/employee
Success upload: Benjamin-PC_201505011714.jpg
Image captured: C:\Users\Administrator\AppData\Local\Temp\BenE5FF.tmp
Connected to the ftp server
Current directory is now: /www/employee
Success upload: Benjamin-PC_201505011715.jpg
Image captured: C:\Users\Administrator\AppData\Local\Temp\BenD147.tmp
Connected to the ftp server
Current directory is now: /www/employee
Success upload: Benjamin-PC_201505011716.jpg
Image captured: C:\Users\Administrator\AppData\Local\Temp\BenBB48.tmp
Connected to the ftp server
Current directory is now: /www/employee
Success upload: Benjamin-PC_201505011717.jpg
Image captured: C:\Users\Administrator\AppData\Local\Temp\BenA4EA.tmp
Connected to the ftp server
Current directory is now: /www/employee
Success upload: Benjamin-PC_201505011718.jpg
Image captured: C:\Users\Administrator\AppData\Local\Temp\Ben8F58.tmp
Connected to the ftp server
Current directory is now: /www/employee
Success upload: Benjamin-PC_201505011719.jpg
Image captured: C:\Users\Administrator\AppData\Local\Temp\Ben7ABF.tmp
Connected to the ftp server
Current directory is now: /www/employee
Success upload: Benjamin-PC_201505011720.jpg
